# JRE version: OpenJDK Runtime Environment (17.0.11) (build 17.0.11+0--11852314)
# Java VM: OpenJDK 64-Bit Server VM (17.0.11+0--11852314, mixed mode, tiered, compressed oops, compressed class ptrs, g1 gc, windows-amd64)
GC Precious Log:
 CPUs: 12 total, 12 available
 Memory: 16004M
 Large Page Support: Disabled
 NUMA Support: Disabled
 Compressed Oops: Enabled (32-bit)
 Heap Region Size: 1M
 Heap Min Capacity: 8M
 Heap Initial Capacity: 252M
 Heap Max Capacity: 2G
 Pre-touch: Disabled
 Parallel Workers: 10
 Concurrent Workers: 3
 Concurrent Refinement Workers: 10
 Periodic GC: Disabled
Heap:
 garbage-first heap   total 258048K, used 133310K [0x0000000080000000, 0x0000000100000000)
  region size 1024K, 1 young (1024K), 1 survivors (1024K)
 Metaspace       used 141621K, committed 142528K, reserved 1179648K
  class space    used 19244K, committed 19648K, reserved 1048576K
GC Heap History (20 events):
Event: 137.284 GC heap after
{Heap after GC invocations=48 (full 0):
 garbage-first heap   total 236544K, used 111108K [0x0000000080000000, 0x0000000100000000)
  region size 1024K, 10 young (10240K), 10 survivors (10240K)
 Metaspace       used 115114K, committed 115968K, reserved 1179648K
  class space    used 15355K, committed 15808K, reserved 1048576K
}
Event: 137.287 GC heap before
{Heap before GC invocations=48 (full 0):
 garbage-first heap   total 236544K, used 112132K [0x0000000080000000, 0x0000000100000000)
  region size 1024K, 11 young (11264K), 10 survivors (10240K)
 Metaspace       used 115128K, committed 116032K, reserved 1179648K
  class space    used 15357K, committed 15808K, reserved 1048576K
}
Event: 137.291 GC heap after
{Heap after GC invocations=49 (full 0):
 garbage-first heap   total 236544K, used 110279K [0x0000000080000000, 0x0000000100000000)
  region size 1024K, 2 young (2048K), 2 survivors (2048K)
 Metaspace       used 115128K, committed 116032K, reserved 1179648K
  class space    used 15357K, committed 15808K, reserved 1048576K
}
Event: 137.886 GC heap before
{Heap before GC invocations=49 (full 0):
 garbage-first heap   total 236544K, used 184007K [0x0000000080000000, 0x0000000100000000)
  region size 1024K, 76 young (77824K), 2 survivors (2048K)
 Metaspace       used 122644K, committed 123456K, reserved 1179648K
  class space    used 16285K, committed 16704K, reserved 1048576K
}
Event: 137.891 GC heap after
{Heap after GC invocations=50 (full 0):
 garbage-first heap   total 236544K, used 120138K [0x0000000080000000, 0x0000000100000000)
  region size 1024K, 11 young (11264K), 11 survivors (11264K)
 Metaspace       used 122644K, committed 123456K, reserved 1179648K
  class space    used 16285K, committed 16704K, reserved 1048576K
}
Event: 138.618 GC heap before
{Heap before GC invocations=51 (full 0):
 garbage-first heap   total 236544K, used 192842K [0x0000000080000000, 0x0000000100000000)
  region size 1024K, 80 young (81920K), 11 survivors (11264K)
 Metaspace       used 125432K, committed 126272K, reserved 1179648K
  class space    used 16582K, committed 17024K, reserved 1048576K
}
Event: 138.625 GC heap after
{Heap after GC invocations=52 (full 0):
 garbage-first heap   total 236544K, used 136056K [0x0000000080000000, 0x0000000100000000)
  region size 1024K, 10 young (10240K), 10 survivors (10240K)
 Metaspace       used 125432K, committed 126272K, reserved 1179648K
  class space    used 16582K, committed 17024K, reserved 1048576K
}
Event: 138.646 GC heap before
{Heap before GC invocations=52 (full 0):
 garbage-first heap   total 236544K, used 137080K [0x0000000080000000, 0x0000000100000000)
  region size 1024K, 11 young (11264K), 10 survivors (10240K)
 Metaspace       used 125487K, committed 126336K, reserved 1179648K
  class space    used 16582K, committed 17024K, reserved 1048576K
}
Event: 138.650 GC heap after
{Heap after GC invocations=53 (full 0):
 garbage-first heap   total 236544K, used 136439K [0x0000000080000000, 0x0000000100000000)
  region size 1024K, 2 young (2048K), 2 survivors (2048K)
 Metaspace       used 125487K, committed 126336K, reserved 1179648K
  class space    used 16582K, committed 17024K, reserved 1048576K
}
Event: 139.483 GC heap before
{Heap before GC invocations=53 (full 0):
 garbage-first heap   total 236544K, used 190711K [0x0000000080000000, 0x0000000100000000)
  region size 1024K, 56 young (57344K), 2 survivors (2048K)
 Metaspace       used 126368K, committed 127168K, reserved 1179648K
  class space    used 16633K, committed 17024K, reserved 1048576K
}
Event: 139.486 GC heap after
{Heap after GC invocations=54 (full 0):
 garbage-first heap   total 236544K, used 138980K [0x0000000080000000, 0x0000000100000000)
  region size 1024K, 4 young (4096K), 4 survivors (4096K)
 Metaspace       used 126368K, committed 127168K, reserved 1179648K
  class space    used 16633K, committed 17024K, reserved 1048576K
}
Event: 139.838 GC heap before
{Heap before GC invocations=55 (full 0):
 garbage-first heap   total 247808K, used 195300K [0x0000000080000000, 0x0000000100000000)
  region size 1024K, 58 young (59392K), 4 survivors (4096K)
 Metaspace       used 129933K, committed 130816K, reserved 1179648K
  class space    used 17173K, committed 17600K, reserved 1048576K
}
Event: 139.841 GC heap after
{Heap after GC invocations=56 (full 0):
 garbage-first heap   total 247808K, used 141227K [0x0000000080000000, 0x0000000100000000)
  region size 1024K, 7 young (7168K), 7 survivors (7168K)
 Metaspace       used 129933K, committed 130816K, reserved 1179648K
  class space    used 17173K, committed 17600K, reserved 1048576K
}
Event: 139.875 GC heap before
{Heap before GC invocations=56 (full 0):
 garbage-first heap   total 247808K, used 145323K [0x0000000080000000, 0x0000000100000000)
  region size 1024K, 12 young (12288K), 7 survivors (7168K)
 Metaspace       used 130496K, committed 131328K, reserved 1179648K
  class space    used 17277K, committed 17664K, reserved 1048576K
}
Event: 139.879 GC heap after
{Heap after GC invocations=57 (full 0):
 garbage-first heap   total 247808K, used 137359K [0x0000000080000000, 0x0000000100000000)
  region size 1024K, 1 young (1024K), 1 survivors (1024K)
 Metaspace       used 130496K, committed 131328K, reserved 1179648K
  class space    used 17277K, committed 17664K, reserved 1048576K
}
Event: 140.168 GC heap before
{Heap before GC invocations=57 (full 0):
 garbage-first heap   total 247808K, used 201871K [0x0000000080000000, 0x0000000100000000)
  region size 1024K, 65 young (66560K), 1 survivors (1024K)
 Metaspace       used 136685K, committed 137600K, reserved 1179648K
  class space    used 18384K, committed 18816K, reserved 1048576K
}
Event: 140.172 GC heap after
{Heap after GC invocations=58 (full 0):
 garbage-first heap   total 247808K, used 145224K [0x0000000080000000, 0x0000000100000000)
  region size 1024K, 9 young (9216K), 9 survivors (9216K)
 Metaspace       used 136685K, committed 137600K, reserved 1179648K
  class space    used 18384K, committed 18816K, reserved 1048576K
}
Event: 140.426 GC heap before
{Heap before GC invocations=59 (full 0):
 garbage-first heap   total 249856K, used 199496K [0x0000000080000000, 0x0000000100000000)
  region size 1024K, 64 young (65536K), 9 survivors (9216K)
 Metaspace       used 141253K, committed 142144K, reserved 1179648K
  class space    used 19173K, committed 19584K, reserved 1048576K
}
Event: 140.431 GC heap after
{Heap after GC invocations=60 (full 0):
 garbage-first heap   total 249856K, used 147148K [0x0000000080000000, 0x0000000100000000)
  region size 1024K, 4 young (4096K), 4 survivors (4096K)
 Metaspace       used 141253K, committed 142144K, reserved 1179648K
  class space    used 19173K, committed 19584K, reserved 1048576K
}
Event: 140.463 GC heap before
{Heap before GC invocations=60 (full 0):
 garbage-first heap   total 249856K, used 155340K [0x0000000080000000, 0x0000000100000000)
  region size 1024K, 12 young (12288K), 4 survivors (4096K)
 Metaspace       used 141621K, committed 142528K, reserved 1179648K
  class space    used 19244K, committed 19648K, reserved 1048576K
}

