# JRE version: OpenJDK Runtime Environment (17.0.11) (build 17.0.11+0--11852314)
# Java VM: OpenJDK 64-Bit Server VM (17.0.11+0--11852314, mixed mode, tiered, compressed oops, compressed class ptrs, g1 gc, windows-amd64)
GC Precious Log:
 CPUs: 12 total, 12 available
 Memory: 16004M
 Large Page Support: Disabled
 NUMA Support: Disabled
 Compressed Oops: Enabled (32-bit)
 Heap Region Size: 1M
 Heap Min Capacity: 8M
 Heap Initial Capacity: 252M
 Heap Max Capacity: 2G
 Pre-touch: Disabled
 Parallel Workers: 10
 Concurrent Workers: 3
 Concurrent Refinement Workers: 10
 Periodic GC: Disabled
Heap:
 garbage-first heap   total 470016K, used 147148K [0x0000000080000000, 0x0000000100000000)
  region size 1024K, 2 young (2048K), 2 survivors (2048K)
 Metaspace       used 157070K, committed 158976K, reserved 1245184K
  class space    used 20877K, committed 21824K, reserved 1048576K
GC Heap History (20 events):
Event: 5699.123 GC heap after
{Heap after GC invocations=115 (full 0):
 garbage-first heap   total 498688K, used 125666K [0x0000000080000000, 0x0000000100000000)
  region size 1024K, 3 young (3072K), 3 survivors (3072K)
 Metaspace       used 156341K, committed 158272K, reserved 1245184K
  class space    used 20861K, committed 21824K, reserved 1048576K
}
Event: 5699.948 GC heap before
{Heap before GC invocations=115 (full 0):
 garbage-first heap   total 498688K, used 176866K [0x0000000080000000, 0x0000000100000000)
  region size 1024K, 55 young (56320K), 3 survivors (3072K)
 Metaspace       used 156427K, committed 158336K, reserved 1245184K
  class space    used 20861K, committed 21824K, reserved 1048576K
}
Event: 5699.950 GC heap after
{Heap after GC invocations=116 (full 0):
 garbage-first heap   total 498688K, used 124712K [0x0000000080000000, 0x0000000100000000)
  region size 1024K, 2 young (2048K), 2 survivors (2048K)
 Metaspace       used 156427K, committed 158336K, reserved 1245184K
  class space    used 20861K, committed 21824K, reserved 1048576K
}
Event: 6434.201 GC heap before
{Heap before GC invocations=117 (full 0):
 garbage-first heap   total 498688K, used 479016K [0x0000000080000000, 0x0000000100000000)
  region size 1024K, 242 young (247808K), 2 survivors (2048K)
 Metaspace       used 156611K, committed 158592K, reserved 1245184K
  class space    used 20867K, committed 21824K, reserved 1048576K
}
Event: 6434.203 GC heap after
{Heap after GC invocations=118 (full 0):
 garbage-first heap   total 498688K, used 128687K [0x0000000080000000, 0x0000000100000000)
  region size 1024K, 4 young (4096K), 4 survivors (4096K)
 Metaspace       used 156611K, committed 158592K, reserved 1245184K
  class space    used 20867K, committed 21824K, reserved 1048576K
}
Event: 6434.271 GC heap before
{Heap before GC invocations=118 (full 0):
 garbage-first heap   total 498688K, used 148143K [0x0000000080000000, 0x0000000100000000)
  region size 1024K, 24 young (24576K), 4 survivors (4096K)
 Metaspace       used 156627K, committed 158592K, reserved 1245184K
  class space    used 20867K, committed 21824K, reserved 1048576K
}
Event: 6434.278 GC heap after
{Heap after GC invocations=119 (full 0):
 garbage-first heap   total 498688K, used 122997K [0x0000000080000000, 0x0000000100000000)
  region size 1024K, 3 young (3072K), 3 survivors (3072K)
 Metaspace       used 156627K, committed 158592K, reserved 1245184K
  class space    used 20867K, committed 21824K, reserved 1048576K
}
Event: 6434.399 GC heap before
{Heap before GC invocations=119 (full 0):
 garbage-first heap   total 498688K, used 150645K [0x0000000080000000, 0x0000000100000000)
  region size 1024K, 31 young (31744K), 3 survivors (3072K)
 Metaspace       used 156636K, committed 158592K, reserved 1245184K
  class space    used 20867K, committed 21824K, reserved 1048576K
}
Event: 6434.402 GC heap after
{Heap after GC invocations=120 (full 0):
 garbage-first heap   total 498688K, used 127614K [0x0000000080000000, 0x0000000100000000)
  region size 1024K, 8 young (8192K), 8 survivors (8192K)
 Metaspace       used 156636K, committed 158592K, reserved 1245184K
  class space    used 20867K, committed 21824K, reserved 1048576K
}
Event: 6437.218 GC heap before
{Heap before GC invocations=121 (full 0):
 garbage-first heap   total 434176K, used 376446K [0x0000000080000000, 0x0000000100000000)
  region size 1024K, 221 young (226304K), 8 survivors (8192K)
 Metaspace       used 156880K, committed 158784K, reserved 1245184K
  class space    used 20877K, committed 21824K, reserved 1048576K
}
Event: 6437.228 GC heap after
{Heap after GC invocations=122 (full 0):
 garbage-first heap   total 434176K, used 144866K [0x0000000080000000, 0x0000000100000000)
  region size 1024K, 26 young (26624K), 26 survivors (26624K)
 Metaspace       used 156880K, committed 158784K, reserved 1245184K
  class space    used 20877K, committed 21824K, reserved 1048576K
}
Event: 6437.229 GC heap before
{Heap before GC invocations=122 (full 0):
 garbage-first heap   total 434176K, used 144866K [0x0000000080000000, 0x0000000100000000)
  region size 1024K, 27 young (27648K), 26 survivors (26624K)
 Metaspace       used 156880K, committed 158784K, reserved 1245184K
  class space    used 20877K, committed 21824K, reserved 1048576K
}
Event: 6437.242 GC heap after
{Heap after GC invocations=123 (full 0):
 garbage-first heap   total 434176K, used 140568K [0x0000000080000000, 0x0000000100000000)
  region size 1024K, 3 young (3072K), 3 survivors (3072K)
 Metaspace       used 156880K, committed 158784K, reserved 1245184K
  class space    used 20877K, committed 21824K, reserved 1048576K
}
Event: 6438.065 GC heap before
{Heap before GC invocations=123 (full 0):
 garbage-first heap   total 434176K, used 228632K [0x0000000080000000, 0x0000000100000000)
  region size 1024K, 90 young (92160K), 3 survivors (3072K)
 Metaspace       used 156905K, committed 158848K, reserved 1245184K
  class space    used 20877K, committed 21824K, reserved 1048576K
}
Event: 6438.070 GC heap after
{Heap after GC invocations=124 (full 0):
 garbage-first heap   total 434176K, used 148229K [0x0000000080000000, 0x0000000100000000)
  region size 1024K, 10 young (10240K), 10 survivors (10240K)
 Metaspace       used 156905K, committed 158848K, reserved 1245184K
  class space    used 20877K, committed 21824K, reserved 1048576K
}
Event: 6438.499 GC heap before
{Heap before GC invocations=125 (full 0):
 garbage-first heap   total 434176K, used 312069K [0x0000000080000000, 0x0000000100000000)
  region size 1024K, 167 young (171008K), 10 survivors (10240K)
 Metaspace       used 157065K, committed 158976K, reserved 1245184K
  class space    used 20877K, committed 21824K, reserved 1048576K
}
Event: 6438.506 GC heap after
{Heap after GC invocations=126 (full 0):
 garbage-first heap   total 434176K, used 157893K [0x0000000080000000, 0x0000000100000000)
  region size 1024K, 19 young (19456K), 19 survivors (19456K)
 Metaspace       used 157065K, committed 158976K, reserved 1245184K
  class space    used 20877K, committed 21824K, reserved 1048576K
}
Event: 6438.516 GC heap before
{Heap before GC invocations=126 (full 0):
 garbage-first heap   total 434176K, used 161989K [0x0000000080000000, 0x0000000100000000)
  region size 1024K, 21 young (21504K), 19 survivors (19456K)
 Metaspace       used 157065K, committed 158976K, reserved 1245184K
  class space    used 20877K, committed 21824K, reserved 1048576K
}
Event: 6438.524 GC heap after
{Heap after GC invocations=127 (full 0):
 garbage-first heap   total 434176K, used 149538K [0x0000000080000000, 0x0000000100000000)
  region size 1024K, 2 young (2048K), 2 survivors (2048K)
 Metaspace       used 157065K, committed 158976K, reserved 1245184K
  class space    used 20877K, committed 21824K, reserved 1048576K
}
Event: 6438.597 GC heap before
{Heap before GC invocations=127 (full 0):
 garbage-first heap   total 434176K, used 155682K [0x0000000080000000, 0x0000000100000000)
  region size 1024K, 9 young (9216K), 2 survivors (2048K)
 Metaspace       used 157070K, committed 158976K, reserved 1245184K
  class space    used 20877K, committed 21824K, reserved 1048576K
}

